This is pdfTeX, Version 3.14159265-2.6-1.40.16 (TeX Live 2015) (preloaded format=pdflatex 2015.11.28)  24 MAY 2016 23:26
entering extended mode
 restricted \write18 enabled.
 %&-line parsing enabled.
**Master.tex
(./Master.tex
LaTeX2e <2015/01/01>
Babel <3.9l> and hyphenation patterns for 79 languages loaded.
(./Preamble/preamble.tex
(/usr/local/texlive/2015/texmf-dist/tex/latex/memoir/memoir.cls
Document Class: memoir 2015/04/23 v3.7d configurable book, report, article docu
ment class
\onelineskip=\skip41
\lxvchars=\skip42
\xlvchars=\skip43
\@memcnta=\count79
\c@@memmarkcntra=\count80
(/usr/local/texlive/2015/texmf-dist/tex/generic/oberdiek/ifpdf.sty
Package: ifpdf 2011/01/30 v2.3 Provides the ifpdf switch (HO)
Package ifpdf Info: pdfTeX in PDF mode is detected.
)
(/usr/local/texlive/2015/texmf-dist/tex/latex/ifetex/ifetex.sty
Package: ifetex 2011/12/15 v1.2 ifetex

(/usr/local/texlive/2015/texmf-dist/tex/plain/ifetex/ifetex.tex))
(/usr/local/texlive/2015/texmf-dist/tex/generic/ifxetex/ifxetex.sty
Package: ifxetex 2010/09/12 v0.6 Provides ifxetex conditional
)
(/usr/local/texlive/2015/texmf-dist/tex/generic/oberdiek/ifluatex.sty
Package: ifluatex 2010/03/01 v1.3 Provides the ifluatex switch (HO)
Package ifluatex Info: LuaTeX not detected.
)
\stockheight=\skip44
\stockwidth=\skip45
\trimtop=\skip46
\trimedge=\skip47

(/usr/local/texlive/2015/texmf-dist/tex/latex/base/fleqn.clo
File: fleqn.clo 2015/03/31 v1.1i Standard LaTeX option (flush left equations)
\mathindent=\dimen102
Applying: [2015/01/01] Make \[ robust on input line 50.
LaTeX Info: Redefining \[ on input line 51.
Already applied: [0000/00/00] Make \[ robust on input line 62.
Applying: [2015/01/01] Make \] robust on input line 74.
LaTeX Info: Redefining \] on input line 75.
Already applied: [0000/00/00] Make \] robust on input line 83.
)
(/usr/local/texlive/2015/texmf-dist/tex/latex/etex-pkg/etex.sty
Package: etex 2015/03/02 v2.1 eTeX basic definition package (PEB,DPC)
\et@xins=\count81
)
(/usr/local/texlive/2015/texmf-dist/tex/latex/memoir/mem11.clo
File: mem11.clo 2008/01/30 v0.3 memoir class 11pt size option
)
\binding=\skip48
\spinemargin=\skip49
\foremargin=\skip50
\uppermargin=\skip51
\lowermargin=\skip52
\headdrop=\skip53
\normalrulethickness=\skip54
\mem@maxheadheight=\skip55
\mem@maxfootheight=\skip56
\headwidth=\skip57
\c@storedpagenumber=\count82
\memPD=\dimen103
\m@mabparskip=\skip58
\thanksmarkwidth=\skip59
\thanksmarksep=\skip60
\droptitle=\skip61
\c@book=\count83
\c@part=\count84
\c@chapter=\count85
\c@section=\count86
\c@subsection=\count87
\c@subsubsection=\count88
\c@paragraph=\count89
\c@subparagraph=\count90
\beforechapskip=\skip62
\midchapskip=\skip63
\afterchapskip=\skip64
\chapindent=\skip65
\bottomsectionskip=\skip66
\secindent=\skip67
\beforesecskip=\skip68
\aftersecskip=\skip69
\subsecindent=\skip70
\beforesubsecskip=\skip71
\aftersubsecskip=\skip72
\subsubsecindent=\skip73
\beforesubsubsecskip=\skip74
\aftersubsubsecskip=\skip75
\paraindent=\skip76
\beforeparaskip=\skip77
\afterparaskip=\skip78
\subparaindent=\skip79
\beforesubparaskip=\skip80
\aftersubparaskip=\skip81
\pfbreakskip=\skip82
\c@@ppsavesec=\count91
\c@@ppsaveapp=\count92
\ragrparindent=\dimen104
\everylistparindent=\dimen105
\parsepi=\skip83
\topsepi=\skip84
\itemsepi=\skip85
\parsepii=\skip86
\topsepii=\skip87
\topsepiii=\skip88
\itemsepii=\skip89
\itemsepiii=\skip90
\partopsepii=\skip91
\partopsepiii=\skip92
\m@msavetopsep=\skip93
\m@msavepartopsep=\skip94
\@enLab=\toks14
\abstitleskip=\skip95
\absleftindent=\skip96
\abs@leftindent=\dimen106
\absrightindent=\skip97
\absparindent=\skip98
\absparsep=\skip99
\c@vslineno=\count93
\c@poemline=\count94
\c@modulo@vs=\count95
\c@memfvsline=\count96
\vleftskip=\skip100
\vrightskip=\skip101
\stanzaskip=\skip102
\versewidth=\skip103
\vgap=\skip104
\vindent=\skip105
\vleftmargin=\dimen107
\c@verse=\count97
\c@chrsinstr=\count98
\beforepoemtitleskip=\skip106
\afterpoemtitleskip=\skip107
\c@poem=\count99
\beforePoemTitleskip=\skip108
\midPoemTitleskip=\skip109
\afterPoemTitleskip=\skip110
\col@sep=\dimen108
\extrarowheight=\dimen109
\NC@list=\toks15
\extratabsurround=\skip111
\backup@length=\skip112
\TX@col@width=\dimen110
\TX@old@table=\dimen111
\TX@old@col=\dimen112
\TX@target=\dimen113
\TX@delta=\dimen114
\TX@cols=\count100
\TX@ftn=\toks16
\heavyrulewidth=\dimen115
\lightrulewidth=\dimen116
\cmidrulewidth=\dimen117
\belowrulesep=\dimen118
\belowbottomsep=\dimen119
\aboverulesep=\dimen120
\abovetopsep=\dimen121
\cmidrulesep=\dimen122
\cmidrulekern=\dimen123
\defaultaddspace=\dimen124
\@cmidla=\count101
\@cmidlb=\count102
\@aboverulesep=\dimen125
\@belowrulesep=\dimen126
\@thisruleclass=\count103
\@lastruleclass=\count104
\@thisrulewidth=\dimen127
\ctableftskip=\skip113
\ctabrightskip=\skip114
\abovecolumnspenalty=\count105
\@linestogo=\count106
\@cellstogo=\count107
\@cellsincolumn=\count108
\crtok=\toks17
\@mincolumnwidth=\dimen128
\c@newflo@tctr=\count109
\mem@margin@floatbox=\box26
\@contcwidth=\skip115
\@contindw=\skip116
\abovecaptionskip=\skip117
\belowcaptionskip=\skip118
\subfloattopskip=\skip119
\subfloatcapskip=\skip120
\subfloatcaptopadj=\skip121
\subfloatbottomskip=\skip122
\subfloatlabelskip=\skip123
\subfloatcapmargin=\dimen129
\c@@contsubnum=\count110
\m@mscap@capbox=\box27
\m@mscap@fbox=\box28
\sidecapsep=\dimen130
\sidecapwidth=\dimen131
\m@m@tempdima=\dimen132
\m@mscapraise=\dimen133
\sidecapraise=\dimen134
\m@mscapmainwidth=\dimen135
\m@mscaplkern=\dimen136
\beforeepigraphskip=\skip124
\afterepigraphskip=\skip125
\epigraphwidth=\skip126
\epigraphrule=\skip127
LaTeX Info: Redefining \em on input line 7533.
LaTeX Info: Redefining \emph on input line 7541.
\tocentryskip=\skip128
\tocbaseline=\skip129
\cftparskip=\skip130
\cftbeforebookskip=\skip131
\cftbookindent=\dimen137
\cftbooknumwidth=\dimen138
\cftbeforepartskip=\skip132
\cftpartindent=\skip133
\cftpartnumwidth=\skip134
\cftbeforechapterskip=\skip135
\cftchapterindent=\skip136
\cftchapternumwidth=\skip137
\cftbeforesectionskip=\skip138
\cftsectionindent=\skip139
\cftsectionnumwidth=\skip140
\cftbeforesubsectionskip=\skip141
\cftsubsectionindent=\skip142
\cftsubsectionnumwidth=\skip143
\cftbeforesubsubsectionskip=\skip144
\cftsubsubsectionindent=\skip145
\cftsubsubsectionnumwidth=\skip146
\cftbeforeparagraphskip=\skip147
\cftparagraphindent=\skip148
\cftparagraphnumwidth=\skip149
\cftbeforesubparagraphskip=\skip150
\cftsubparagraphindent=\skip151
\cftsubparagraphnumwidth=\skip152
\prechapterprecisshift=\dimen139
\c@maxsecnumdepth=\count111
\bibindent=\dimen140
\bibitemsep=\skip153
\indexcolsep=\skip154
\indexrule=\skip155
\indexmarkstyle=\toks18
\@indexbox=\insert233
\glossarycolsep=\dimen141
\glossaryrule=\dimen142
\sideparvshift=\skip156
\sideins=\insert232
\sidebartopsep=\skip157
\sidebarhsep=\skip158
\sidebarvsep=\skip159
\sidebarwidth=\skip160
\footmarkwidth=\skip161
\footmarksep=\skip162
\footparindent=\skip163
\footinsdim=\skip164
\footinsv@r=\insert231
\@mpfootinsv@r=\insert230
\m@m@k=\count112
\m@m@h=\dimen143
\m@mipn@skip=\skip165
\sidefootins=\insert229
\sidefootadjust=\skip166
\sidefootheight=\skip167
\sidefoothsep=\skip168
\sidefootvsep=\skip169
\sidefootwidth=\skip170
\m@mdownsf=\skip171
\c@sidefootnote=\count113
\sidefootmarkwidth=\skip172
\sidefootmarksep=\skip173
\sidefootparindent=\skip174
\c@pagenote=\count114
\c@pagenoteshadow=\count115
\mem@pn@lastkern=\skip175
\every@verbatim=\toks19
\afterevery@verbatim=\toks20
\verbatim@line=\toks21
\tab@position=\count116
\verbatim@in@stream=\read1
\verbatimindent=\skip176
\verbatim@out=\write3
\bvboxsep=\skip177
\c@memfbvline=\count117
\c@bvlinectr=\count118
\bvnumlength=\skip178
\fb@frw=\dimen144
\fb@frh=\dimen145
\FrameRule=\dimen146
\FrameSep=\dimen147
\c@cp@cntr=\count119
LaTeX Info: Redefining \: on input line 12050.
LaTeX Info: Redefining \! on input line 12052.
\c@ism@mctr=\count120
\c@xsm@mctr=\count121
\c@csm@mctr=\count122
\c@ksm@mctr=\count123
\c@xksm@mctr=\count124
\c@cksm@mctr=\count125
\c@msm@mctr=\count126
\c@xmsm@mctr=\count127
\c@cmsm@mctr=\count128
\c@bsm@mctr=\count129
\c@workm@mctr=\count130
\c@sheetsequence=\count131
\c@lastsheet=\count132
\c@lastpage=\count133
\c@figure=\count134
\c@lofdepth=\count135
\cftbeforefigureskip=\skip179
\cftfigureindent=\skip180
\cftfigurenumwidth=\skip181
\c@table=\count136
\c@lotdepth=\count137
\cftbeforetableskip=\skip182
\cfttableindent=\skip183
\cfttablenumwidth=\skip184
Package abstract [2008/07/23] emulated by memoir.
Package appendix [2008/07/23] emulated by memoir.
Package array [2008/09/09] emulated by memoir.
Package booktabs [2008/07/23] emulated by memoir.
Package ccaption [2008/07/23] emulated by memoir.
Package changepage [2008/07/23] emulated by memoir.
Package chngcntr [2008/07/23] emulated by memoir.
Package chngpage [2008/07/23] emulated by memoir.
Package crop emulated by memoir.
Package dcolumn [2008/07/23] emulated by memoir.
Package delarray [2008/07/23] emulated by memoir.
Package enumerate [2008/07/23] emulated by memoir.
Package epigraph [2008/07/23] emulated by memoir.
Package ifmtarg [2008/07/23] emulated by memoir.
Package index [2008/07/23] emulated by memoir.
Package makeidx [2008/07/23] emulated by memoir.
Package moreverb [2008/07/23] emulated by memoir.
Package mparhack [2008/07/23] emulated by memoir.
Package needspace [2008/07/23] emulated by memoir.
Package newfile [2008/07/23] emulated by memoir.
Package nextpage [2008/07/23] emulated by memoir.
Package pagenote [2008/07/23] emulated by memoir.
Package parskip [2008/07/23] emulated by memoir.
Package patchcmd [2008/07/23] emulated by memoir.
Package setspace [2008/07/23] emulated by memoir.
Package shortvrb [2008/07/23] emulated by memoir.
Package showidx [2008/07/23] emulated by memoir.
Package tabularx [2008/07/23] emulated by memoir.
Package titleref [2008/07/23] emulated by memoir.
Package titling [2008/07/23] emulated by memoir.
Package tocbibind [2008/07/23] emulated by memoir.
Package tocloft [2008/07/23] emulated by memoir.
Package tocvsec2 [2008/07/23] emulated by memoir.
Package verbatim [2008/07/23] emulated by memoir.
Package verse [2008/07/23] emulated by memoir.

(/usr/local/texlive/2015/texmf-dist/tex/latex/memoir/mempatch.sty
Package: mempatch 2009/07/24 v6.0f Patches for memoir class v1.6180339
))
(/usr/local/texlive/2015/texmf-dist/tex/latex/fourier/fourier.sty
Package: fourier 2005/01/01 1.4 fourier-GUTenberg package

(/usr/local/texlive/2015/texmf-dist/tex/latex/base/fontenc.sty
Package: fontenc 2005/09/27 v1.99g Standard LaTeX package

(/usr/local/texlive/2015/texmf-dist/tex/latex/base/t1enc.def
File: t1enc.def 2005/09/27 v1.99g Standard LaTeX file
LaTeX Font Info:    Redeclaring font encoding T1 on input line 48.
))
(/usr/local/texlive/2015/texmf-dist/tex/latex/base/textcomp.sty
Package: textcomp 2005/09/27 v1.99g Standard LaTeX package
Package textcomp Info: Sub-encoding information:
(textcomp)               5 = only ISO-Adobe without \textcurrency
(textcomp)               4 = 5 + \texteuro
(textcomp)               3 = 4 + \textohm
(textcomp)               2 = 3 + \textestimated + \textcurrency
(textcomp)               1 = TS1 - \textcircled - \t
(textcomp)               0 = TS1 (full)
(textcomp)             Font families with sub-encoding setting implement
(textcomp)             only a restricted character set as indicated.
(textcomp)             Family '?' is the default used for unknown fonts.
(textcomp)             See the documentation for details.
Package textcomp Info: Setting ? sub-encoding to TS1/1 on input line 79.

(/usr/local/texlive/2015/texmf-dist/tex/latex/base/ts1enc.def
File: ts1enc.def 2001/06/05 v3.0e (jk/car/fm) Standard LaTeX file
)
LaTeX Info: Redefining \oldstylenums on input line 334.
Package textcomp Info: Setting cmr sub-encoding to TS1/0 on input line 349.
Package textcomp Info: Setting cmss sub-encoding to TS1/0 on input line 350.
Package textcomp Info: Setting cmtt sub-encoding to TS1/0 on input line 351.
Package textcomp Info: Setting cmvtt sub-encoding to TS1/0 on input line 352.
Package textcomp Info: Setting cmbr sub-encoding to TS1/0 on input line 353.
Package textcomp Info: Setting cmtl sub-encoding to TS1/0 on input line 354.
Package textcomp Info: Setting ccr sub-encoding to TS1/0 on input line 355.
Package textcomp Info: Setting ptm sub-encoding to TS1/4 on input line 356.
Package textcomp Info: Setting pcr sub-encoding to TS1/4 on input line 357.
Package textcomp Info: Setting phv sub-encoding to TS1/4 on input line 358.
Package textcomp Info: Setting ppl sub-encoding to TS1/3 on input line 359.
Package textcomp Info: Setting pag sub-encoding to TS1/4 on input line 360.
Package textcomp Info: Setting pbk sub-encoding to TS1/4 on input line 361.
Package textcomp Info: Setting pnc sub-encoding to TS1/4 on input line 362.
Package textcomp Info: Setting pzc sub-encoding to TS1/4 on input line 363.
Package textcomp Info: Setting bch sub-encoding to TS1/4 on input line 364.
Package textcomp Info: Setting put sub-encoding to TS1/5 on input line 365.
Package textcomp Info: Setting uag sub-encoding to TS1/5 on input line 366.
Package textcomp Info: Setting ugq sub-encoding to TS1/5 on input line 367.
Package textcomp Info: Setting ul8 sub-encoding to TS1/4 on input line 368.
Package textcomp Info: Setting ul9 sub-encoding to TS1/4 on input line 369.
Package textcomp Info: Setting augie sub-encoding to TS1/5 on input line 370.
Package textcomp Info: Setting dayrom sub-encoding to TS1/3 on input line 371.
Package textcomp Info: Setting dayroms sub-encoding to TS1/3 on input line 372.

Package textcomp Info: Setting pxr sub-encoding to TS1/0 on input line 373.
Package textcomp Info: Setting pxss sub-encoding to TS1/0 on input line 374.
Package textcomp Info: Setting pxtt sub-encoding to TS1/0 on input line 375.
Package textcomp Info: Setting txr sub-encoding to TS1/0 on input line 376.
Package textcomp Info: Setting txss sub-encoding to TS1/0 on input line 377.
Package textcomp Info: Setting txtt sub-encoding to TS1/0 on input line 378.
Package textcomp Info: Setting lmr sub-encoding to TS1/0 on input line 379.
Package textcomp Info: Setting lmdh sub-encoding to TS1/0 on input line 380.
Package textcomp Info: Setting lmss sub-encoding to TS1/0 on input line 381.
Package textcomp Info: Setting lmssq sub-encoding to TS1/0 on input line 382.
Package textcomp Info: Setting lmvtt sub-encoding to TS1/0 on input line 383.
Package textcomp Info: Setting lmtt sub-encoding to TS1/0 on input line 384.
Package textcomp Info: Setting qhv sub-encoding to TS1/0 on input line 385.
Package textcomp Info: Setting qag sub-encoding to TS1/0 on input line 386.
Package textcomp Info: Setting qbk sub-encoding to TS1/0 on input line 387.
Package textcomp Info: Setting qcr sub-encoding to TS1/0 on input line 388.
Package textcomp Info: Setting qcs sub-encoding to TS1/0 on input line 389.
Package textcomp Info: Setting qpl sub-encoding to TS1/0 on input line 390.
Package textcomp Info: Setting qtm sub-encoding to TS1/0 on input line 391.
Package textcomp Info: Setting qzc sub-encoding to TS1/0 on input line 392.
Package textcomp Info: Setting qhvc sub-encoding to TS1/0 on input line 393.
Package textcomp Info: Setting futs sub-encoding to TS1/4 on input line 394.
Package textcomp Info: Setting futx sub-encoding to TS1/4 on input line 395.
Package textcomp Info: Setting futj sub-encoding to TS1/4 on input line 396.
Package textcomp Info: Setting hlh sub-encoding to TS1/3 on input line 397.
Package textcomp Info: Setting hls sub-encoding to TS1/3 on input line 398.
Package textcomp Info: Setting hlst sub-encoding to TS1/3 on input line 399.
Package textcomp Info: Setting hlct sub-encoding to TS1/5 on input line 400.
Package textcomp Info: Setting hlx sub-encoding to TS1/5 on input line 401.
Package textcomp Info: Setting hlce sub-encoding to TS1/5 on input line 402.
Package textcomp Info: Setting hlcn sub-encoding to TS1/5 on input line 403.
Package textcomp Info: Setting hlcw sub-encoding to TS1/5 on input line 404.
Package textcomp Info: Setting hlcf sub-encoding to TS1/5 on input line 405.
Package textcomp Info: Setting pplx sub-encoding to TS1/3 on input line 406.
Package textcomp Info: Setting pplj sub-encoding to TS1/3 on input line 407.
Package textcomp Info: Setting ptmx sub-encoding to TS1/4 on input line 408.
Package textcomp Info: Setting ptmj sub-encoding to TS1/4 on input line 409.
)
(/usr/local/texlive/2015/texmf-dist/tex/latex/fourier/fourier-orns.sty
Package: fourier-orns 2004/01/30 1.1 fourier-ornaments package
)
LaTeX Font Info:    Redeclaring symbol font `operators' on input line 50.
LaTeX Font Info:    Encoding `OT1' has changed to `T1' for symbol font
(Font)              `operators' in the math version `normal' on input line 50.
LaTeX Font Info:    Overwriting symbol font `operators' in version `normal'
(Font)                  OT1/cmr/m/n --> T1/futs/m/n on input line 50.
LaTeX Font Info:    Encoding `OT1' has changed to `T1' for symbol font
(Font)              `operators' in the math version `bold' on input line 50.
LaTeX Font Info:    Overwriting symbol font `operators' in version `bold'
(Font)                  OT1/cmr/bx/n --> T1/futs/m/n on input line 50.
LaTeX Font Info:    Overwriting symbol font `operators' in version `bold'
(Font)                  T1/futs/m/n --> T1/futs/b/n on input line 51.
LaTeX Font Info:    Redeclaring symbol font `letters' on input line 59.
LaTeX Font Info:    Encoding `OML' has changed to `FML' for symbol font
(Font)              `letters' in the math version `normal' on input line 59.
LaTeX Font Info:    Overwriting symbol font `letters' in version `normal'
(Font)                  OML/cmm/m/it --> FML/futmi/m/it on input line 59.
LaTeX Font Info:    Encoding `OML' has changed to `FML' for symbol font
(Font)              `letters' in the math version `bold' on input line 59.
LaTeX Font Info:    Overwriting symbol font `letters' in version `bold'
(Font)                  OML/cmm/b/it --> FML/futmi/m/it on input line 59.
\symotherletters=\mathgroup4
LaTeX Font Info:    Overwriting symbol font `letters' in version `bold'
(Font)                  FML/futmi/m/it --> FML/futmi/b/it on input line 61.
LaTeX Font Info:    Overwriting symbol font `otherletters' in version `bold'
(Font)                  FML/futm/m/it --> FML/futm/b/it on input line 62.
LaTeX Font Info:    Redeclaring math symbol \Gamma on input line 63.
LaTeX Font Info:    Redeclaring math symbol \Delta on input line 64.
LaTeX Font Info:    Redeclaring math symbol \Theta on input line 65.
LaTeX Font Info:    Redeclaring math symbol \Lambda on input line 66.
LaTeX Font Info:    Redeclaring math symbol \Xi on input line 67.
LaTeX Font Info:    Redeclaring math symbol \Pi on input line 68.
LaTeX Font Info:    Redeclaring math symbol \Sigma on input line 69.
LaTeX Font Info:    Redeclaring math symbol \Upsilon on input line 70.
LaTeX Font Info:    Redeclaring math symbol \Phi on input line 71.
LaTeX Font Info:    Redeclaring math symbol \Psi on input line 72.
LaTeX Font Info:    Redeclaring math symbol \Omega on input line 73.
LaTeX Font Info:    Redeclaring symbol font `symbols' on input line 113.
LaTeX Font Info:    Encoding `OMS' has changed to `FMS' for symbol font
(Font)              `symbols' in the math version `normal' on input line 113.
LaTeX Font Info:    Overwriting symbol font `symbols' in version `normal'
(Font)                  OMS/cmsy/m/n --> FMS/futm/m/n on input line 113.
LaTeX Font Info:    Encoding `OMS' has changed to `FMS' for symbol font
(Font)              `symbols' in the math version `bold' on input line 113.
LaTeX Font Info:    Overwriting symbol font `symbols' in version `bold'
(Font)                  OMS/cmsy/b/n --> FMS/futm/m/n on input line 113.
LaTeX Font Info:    Redeclaring symbol font `largesymbols' on input line 114.
LaTeX Font Info:    Encoding `OMX' has changed to `FMX' for symbol font
(Font)              `largesymbols' in the math version `normal' on input line 1
14.
LaTeX Font Info:    Overwriting symbol font `largesymbols' in version `normal'
(Font)                  OMX/cmex/m/n --> FMX/futm/m/n on input line 114.
LaTeX Font Info:    Encoding `OMX' has changed to `FMX' for symbol font
(Font)              `largesymbols' in the math version `bold' on input line 114
.
LaTeX Font Info:    Overwriting symbol font `largesymbols' in version `bold'
(Font)                  OMX/cmex/m/n --> FMX/futm/m/n on input line 114.
LaTeX Font Info:    Redeclaring math alphabet \mathbf on input line 115.
LaTeX Font Info:    Overwriting math alphabet `\mathbf' in version `normal'
(Font)                  OT1/cmr/bx/n --> T1/futs/bx/n on input line 115.
LaTeX Font Info:    Overwriting math alphabet `\mathbf' in version `bold'
(Font)                  OT1/cmr/bx/n --> T1/futs/bx/n on input line 115.
LaTeX Font Info:    Redeclaring math alphabet \mathrm on input line 116.
LaTeX Font Info:    Redeclaring math alphabet \mathit on input line 117.
LaTeX Font Info:    Overwriting math alphabet `\mathit' in version `normal'
(Font)                  OT1/cmr/m/it --> T1/futs/m/it on input line 117.
LaTeX Font Info:    Overwriting math alphabet `\mathit' in version `bold'
(Font)                  OT1/cmr/bx/it --> T1/futs/m/it on input line 117.
LaTeX Font Info:    Redeclaring math alphabet \mathcal on input line 118.
LaTeX Font Info:    Redeclaring math symbol \parallel on input line 134.
LaTeX Font Info:    Redeclaring math symbol \hbar on input line 148.
LaTeX Font Info:    Redeclaring math symbol \varkappa on input line 186.
LaTeX Font Info:    Redeclaring math symbol \varvarrho on input line 187.
LaTeX Font Info:    Redeclaring math delimiter \Vert on input line 210.
LaTeX Font Info:    Redeclaring math delimiter \vert on input line 215.
LaTeX Font Info:    Redeclaring math delimiter \Downarrow on input line 225.
LaTeX Font Info:    Redeclaring math delimiter \backslash on input line 227.
LaTeX Font Info:    Redeclaring math delimiter \rangle on input line 229.
LaTeX Font Info:    Redeclaring math delimiter \langle on input line 231.
LaTeX Font Info:    Redeclaring math delimiter \rbrace on input line 233.
LaTeX Font Info:    Redeclaring math delimiter \lbrace on input line 235.
LaTeX Font Info:    Redeclaring math delimiter \rceil on input line 237.
LaTeX Font Info:    Redeclaring math delimiter \lceil on input line 239.
LaTeX Font Info:    Redeclaring math delimiter \rfloor on input line 241.
LaTeX Font Info:    Redeclaring math delimiter \lfloor on input line 243.
LaTeX Font Info:    Redeclaring math accent \acute on input line 247.
LaTeX Font Info:    Redeclaring math accent \grave on input line 248.
LaTeX Font Info:    Redeclaring math accent \ddot on input line 249.
LaTeX Font Info:    Redeclaring math accent \tilde on input line 250.
LaTeX Font Info:    Redeclaring math accent \bar on input line 251.
LaTeX Font Info:    Redeclaring math accent \breve on input line 252.
LaTeX Font Info:    Redeclaring math accent \check on input line 253.
LaTeX Font Info:    Redeclaring math accent \hat on input line 254.
LaTeX Font Info:    Redeclaring math accent \dot on input line 255.
LaTeX Font Info:    Redeclaring math accent \mathring on input line 256.
\symUfutm=\mathgroup5
)
(/usr/local/texlive/2015/texmf-dist/tex/latex/base/inputenc.sty
Package: inputenc 2015/03/17 v1.2c Input encoding file
\inpenc@prehook=\toks22
\inpenc@posthook=\toks23

(/usr/local/texlive/2015/texmf-dist/tex/latex/base/ansinew.def
File: ansinew.def 2015/03/17 v1.2c Input encoding file
))
(/usr/local/texlive/2015/texmf-dist/tex/generic/babel/babel.sty
Package: babel 2014/09/25 3.9l The Babel package

(/usr/local/texlive/2015/texmf-dist/tex/generic/babel-english/english.ldf
Language: english 2012/08/20 v3.3p English support from the babel system

(/usr/local/texlive/2015/texmf-dist/tex/generic/babel/babel.def
File: babel.def 2014/09/25 3.9l Babel common definitions
\babel@savecnt=\count138
\U@D=\dimen148
)
\l@canadian = a dialect from \language\l@american 
\l@australian = a dialect from \language\l@british 
\l@newzealand = a dialect from \language\l@british 
))
(/usr/local/texlive/2015/texmf-dist/tex/latex/base/fontenc.sty
Package: fontenc 2005/09/27 v1.99g Standard LaTeX package

(/usr/local/texlive/2015/texmf-dist/tex/latex/base/t1enc.def
File: t1enc.def 2005/09/27 v1.99g Standard LaTeX file
LaTeX Font Info:    Redeclaring font encoding T1 on input line 48.
))
(/usr/local/texlive/2015/texmf-dist/tex/latex/base/latexsym.sty
Package: latexsym 1998/08/17 v2.2e Standard LaTeX package (lasy symbols)
\symlasy=\mathgroup6
LaTeX Font Info:    Overwriting symbol font `lasy' in version `bold'
(Font)                  U/lasy/m/n --> U/lasy/b/n on input line 52.
)
(/usr/local/texlive/2015/texmf-dist/tex/latex/xcolor/xcolor.sty
Package: xcolor 2007/01/21 v2.11 LaTeX color extensions (UK)

(/usr/local/texlive/2015/texmf-dist/tex/latex/latexconfig/color.cfg
File: color.cfg 2007/01/18 v1.5 color configuration of teTeX/TeXLive
)
Package xcolor Info: Driver file: pdftex.def on input line 225.

(/usr/local/texlive/2015/texmf-dist/tex/latex/pdftex-def/pdftex.def
File: pdftex.def 2011/05/27 v0.06d Graphics/color for pdfTeX

(/usr/local/texlive/2015/texmf-dist/tex/generic/oberdiek/infwarerr.sty
Package: infwarerr 2010/04/08 v1.3 Providing info/warning/error messages (HO)
)
(/usr/local/texlive/2015/texmf-dist/tex/generic/oberdiek/ltxcmds.sty
Package: ltxcmds 2011/11/09 v1.22 LaTeX kernel commands for general use (HO)
)
\Gread@gobject=\count139
)
Package xcolor Info: Model `cmy' substituted by `cmy0' on input line 1337.
Package xcolor Info: Model `hsb' substituted by `rgb' on input line 1341.
Package xcolor Info: Model `RGB' extended on input line 1353.
Package xcolor Info: Model `HTML' substituted by `rgb' on input line 1355.
Package xcolor Info: Model `Hsb' substituted by `hsb' on input line 1356.
Package xcolor Info: Model `tHsb' substituted by `hsb' on input line 1357.
Package xcolor Info: Model `HSB' substituted by `hsb' on input line 1358.
Package xcolor Info: Model `Gray' substituted by `gray' on input line 1359.
Package xcolor Info: Model `wave' substituted by `hsb' on input line 1360.
)
(/usr/local/texlive/2015/texmf-dist/tex/latex/ms/ragged2e.sty
Package: ragged2e 2009/05/21 v2.1 ragged2e Package (MS)

(/usr/local/texlive/2015/texmf-dist/tex/latex/ms/everysel.sty
Package: everysel 2011/10/28 v1.2 EverySelectfont Package (MS)
)
\CenteringLeftskip=\skip185
\RaggedLeftLeftskip=\skip186
\RaggedRightLeftskip=\skip187
\CenteringRightskip=\skip188
\RaggedLeftRightskip=\skip189
\RaggedRightRightskip=\skip190
\CenteringParfillskip=\skip191
\RaggedLeftParfillskip=\skip192
\RaggedRightParfillskip=\skip193
\JustifyingParfillskip=\skip194
\CenteringParindent=\skip195
\RaggedLeftParindent=\skip196
\RaggedRightParindent=\skip197
\JustifyingParindent=\skip198
)
(/usr/local/texlive/2015/texmf-dist/tex/latex/base/fix-cm.sty
Package: fix-cm 2015/01/14 v1.1t fixes to LaTeX

(/usr/local/texlive/2015/texmf-dist/tex/latex/base/ts1enc.def
File: ts1enc.def 2001/06/05 v3.0e (jk/car/fm) Standard LaTeX file
LaTeX Font Info:    Redeclaring font encoding TS1 on input line 47.
))
(/usr/local/texlive/2015/texmf-dist/tex/latex/pdfpages/pdfpages.sty
Package: pdfpages 2015/05/11 v0.4x Insert pages of external PDF documents (AM)

(/usr/local/texlive/2015/texmf-dist/tex/latex/base/ifthen.sty
Package: ifthen 2014/09/29 v1.1c Standard LaTeX ifthen package (DPC)
)
(/usr/local/texlive/2015/texmf-dist/tex/latex/tools/calc.sty
Package: calc 2014/10/28 v4.3 Infix arithmetic (KKT,FJ)
\calc@Acount=\count140
\calc@Bcount=\count141
\calc@Adimen=\dimen149
\calc@Bdimen=\dimen150
\calc@Askip=\skip199
\calc@Bskip=\skip200
LaTeX Info: Redefining \setlength on input line 80.
LaTeX Info: Redefining \addtolength on input line 81.
\calc@Ccount=\count142
\calc@Cskip=\skip201
)
(/usr/local/texlive/2015/texmf-dist/tex/latex/eso-pic/eso-pic.sty
Package: eso-pic 2015/04/20 v2.0e eso-pic (RN)

(/usr/local/texlive/2015/texmf-dist/tex/generic/oberdiek/atbegshi.sty
Package: atbegshi 2011/10/05 v1.16 At begin shipout hook (HO)
)
(/usr/local/texlive/2015/texmf-dist/tex/latex/graphics/keyval.sty
Package: keyval 2014/10/28 v1.15 key=value parser (DPC)
\KV@toks@=\toks24
))
(/usr/local/texlive/2015/texmf-dist/tex/latex/graphics/graphicx.sty
Package: graphicx 2014/10/28 v1.0g Enhanced LaTeX Graphics (DPC,SPQR)

(/usr/local/texlive/2015/texmf-dist/tex/latex/graphics/graphics.sty
Package: graphics 2014/10/28 v1.0p Standard LaTeX Graphics (DPC,SPQR)

(/usr/local/texlive/2015/texmf-dist/tex/latex/graphics/trig.sty
Package: trig 1999/03/16 v1.09 sin cos tan (DPC)
)
(/usr/local/texlive/2015/texmf-dist/tex/latex/latexconfig/graphics.cfg
File: graphics.cfg 2010/04/23 v1.9 graphics configuration of TeX Live
)
Package graphics Info: Driver file: pdftex.def on input line 94.
)
\Gin@req@height=\dimen151
\Gin@req@width=\dimen152
)
\AM@pagewidth=\dimen153
\AM@pageheight=\dimen154

(/usr/local/texlive/2015/texmf-dist/tex/latex/pdfpages/pppdftex.def
File: pppdftex.def 2015/05/11 v0.4x Pdfpages driver for pdfTeX (AM)
)
\AM@pagebox=\box29
\AM@toc@title=\toks25
\c@AM@survey=\count143
\AM@templatesizebox=\box30
)
(/usr/local/texlive/2015/texmf-dist/tex/generic/ulem/ulem.sty
\UL@box=\box31
\UL@hyphenbox=\box32
\UL@skip=\skip202
\UL@hook=\toks26
\UL@height=\dimen155
\UL@pe=\count144
\UL@pixel=\dimen156
\ULC@box=\box33
Package: ulem 2012/05/18
\ULdepth=\dimen157
)
(/usr/local/texlive/2015/texmf-dist/tex/latex/base/flafter.sty
Package: flafter 2015/03/12 v1.2m Standard LaTeX floats after reference (FMi)
Applying: [2015/01/01] float order in 2-column on input line 49.
Already applied: [0000/00/00] float order in 2-column on input line 151.
)
(/usr/local/texlive/2015/texmf-dist/tex/latex/multirow/multirow.sty
\bigstrutjot=\dimen158
)
(/usr/local/texlive/2015/texmf-dist/tex/latex/tools/hhline.sty
Package: hhline 2014/10/28 v2.03 Table rule package (DPC)
)
(/usr/local/texlive/2015/texmf-dist/tex/latex/tools/multicol.sty
Package: multicol 2015/03/31 v1.8m multicolumn formatting (FMi)
\c@tracingmulticols=\count145
\mult@box=\box34
\multicol@leftmargin=\dimen159
\c@unbalance=\count146
\c@collectmore=\count147
\doublecol@number=\count148
\multicoltolerance=\count149
\multicolpretolerance=\count150
\full@width=\dimen160
\page@free=\dimen161
\premulticols=\dimen162
\postmulticols=\dimen163
\multicolsep=\skip203
\multicolbaselineskip=\skip204
\partial@page=\box35
\last@line=\box36
\maxbalancingoverflow=\dimen164
\mult@rightbox=\box37
\mult@grightbox=\box38
\mult@gfirstbox=\box39
\mult@firstbox=\box40
\@tempa=\box41
\@tempa=\box42
\@tempa=\box43
\@tempa=\box44
\@tempa=\box45
\@tempa=\box46
\@tempa=\box47
\@tempa=\box48
\@tempa=\box49
\@tempa=\box50
\@tempa=\box51
\@tempa=\box52
\@tempa=\box53
\@tempa=\box54
\@tempa=\box55
\@tempa=\box56
\@tempa=\box57
\c@columnbadness=\count151
\c@finalcolumnbadness=\count152
\last@try=\dimen165
\multicolovershoot=\dimen166
\multicolundershoot=\dimen167
\mult@nat@firstbox=\box58
\colbreak@box=\box59
\mc@col@check@num=\count153
)
(/usr/local/texlive/2015/texmf-dist/tex/latex/colortbl/colortbl.sty
Package: colortbl 2012/02/13 v1.0a Color table columns (DPC)
\everycr=\toks27
\minrowclearance=\skip205
)
(/usr/local/texlive/2015/texmf-dist/tex/latex/here/here.sty)
(/usr/local/texlive/2015/texmf-dist/tex/latex/float/float.sty
Package: float 2001/11/08 v1.3d Float enhancements (AL)
\c@float@type=\count154
\float@exts=\toks28
\float@box=\box60
\@float@everytoks=\toks29
\@floatcapt=\box61
)
(/usr/local/texlive/2015/texmf-dist/tex/latex/wrapfig/wrapfig.sty
\wrapoverhang=\dimen168
\WF@size=\dimen169
\c@WF@wrappedlines=\count155
\WF@box=\box62
\WF@everypar=\toks30
Package: wrapfig 2003/01/31  v 3.6
)
(/usr/local/texlive/2015/texmf-dist/tex/latex/floatflt/floatflt.sty
Package: floatflt 1997/07/16 v. 1.31
\c@OptionTest=\count156
\figbox=\box63
\tabbox=\box64
\pagebox=\box65
\ffigcount=\count157
\ftabcount=\count158
\fftest=\count159
\hangcount=\count160
\nosuccesstryfig=\count161
\nosuccesstrytab=\count162
\figgutter=\dimen170
\tabgutter=\dimen171
\htdone=\dimen172
\pageht=\dimen173
\startpageht=\dimen174
\tabbredd=\dimen175
\floatfltwidth=\dimen176
\fltitemwidth=\dimen177
\outputpretest=\toks31
)
(/usr/local/texlive/2015/texmf-dist/tex/latex/placeins/placeins.sty
Package: placeins 2005/04/18  v 2.2
)
(/usr/local/texlive/2015/texmf-dist/tex/latex/amsmath/amsmath.sty
Package: amsmath 2013/01/14 v2.14 AMS math features
\@mathmargin=\skip206

For additional information on amsmath, use the `?' option.
(/usr/local/texlive/2015/texmf-dist/tex/latex/amsmath/amstext.sty
Package: amstext 2000/06/29 v2.01

(/usr/local/texlive/2015/texmf-dist/tex/latex/amsmath/amsgen.sty
File: amsgen.sty 1999/11/30 v2.0
\@emptytoks=\toks32
\ex@=\dimen178
))
(/usr/local/texlive/2015/texmf-dist/tex/latex/amsmath/amsbsy.sty
Package: amsbsy 1999/11/29 v1.2d
\pmbraise@=\dimen179
)
(/usr/local/texlive/2015/texmf-dist/tex/latex/amsmath/amsopn.sty
Package: amsopn 1999/12/14 v2.01 operator names
)
\inf@bad=\count163
LaTeX Info: Redefining \frac on input line 210.
\uproot@=\count164
\leftroot@=\count165
LaTeX Info: Redefining \overline on input line 306.
\classnum@=\count166
\DOTSCASE@=\count167
LaTeX Info: Redefining \ldots on input line 378.
LaTeX Info: Redefining \dots on input line 381.
LaTeX Info: Redefining \cdots on input line 466.
\Mathstrutbox@=\box66
\strutbox@=\box67
\big@size=\dimen180
LaTeX Font Info:    Redeclaring font encoding OML on input line 566.
LaTeX Font Info:    Redeclaring font encoding OMS on input line 567.
\macc@depth=\count168
\c@MaxMatrixCols=\count169
\dotsspace@=\muskip10
\c@parentequation=\count170
\dspbrk@lvl=\count171
\tag@help=\toks33
\row@=\count172
\column@=\count173
\maxfields@=\count174
\andhelp@=\toks34
\eqnshift@=\dimen181
\alignsep@=\dimen182
\tagshift@=\dimen183
\tagwidth@=\dimen184
\totwidth@=\dimen185
\lineht@=\dimen186
\@envbody=\toks35
\multlinegap=\skip207
\multlinetaggap=\skip208
\mathdisplay@stack=\toks36
LaTeX Info: Redefining \[ on input line 2665.
LaTeX Info: Redefining \] on input line 2666.
)
(/usr/local/texlive/2015/texmf-dist/tex/latex/amsfonts/amssymb.sty
Package: amssymb 2013/01/14 v3.01 AMS font symbols

(/usr/local/texlive/2015/texmf-dist/tex/latex/amsfonts/amsfonts.sty
Package: amsfonts 2013/01/14 v3.01 Basic AMSFonts support
\symAMSa=\mathgroup7
\symAMSb=\mathgroup8
LaTeX Font Info:    Overwriting math alphabet `\mathfrak' in version `bold'
(Font)                  U/euf/m/n --> U/euf/b/n on input line 106.
LaTeX Font Info:    Redeclaring math symbol \square on input line 141.
)
LaTeX Font Info:    Redeclaring math symbol \blacksquare on input line 48.
LaTeX Font Info:    Redeclaring math symbol \vDash on input line 60.
LaTeX Font Info:    Redeclaring math symbol \leftleftarrows on input line 63.
LaTeX Font Info:    Redeclaring math symbol \rightrightarrows on input line 64.

LaTeX Font Info:    Redeclaring math symbol \leqslant on input line 101.
LaTeX Font Info:    Redeclaring math symbol \geqslant on input line 108.
LaTeX Font Info:    Redeclaring math symbol \blacktriangleright on input line 1
20.
LaTeX Font Info:    Redeclaring math symbol \blacktriangleleft on input line 12
1.
LaTeX Font Info:    Redeclaring math symbol \complement on input line 165.
LaTeX Font Info:    Redeclaring math symbol \intercal on input line 166.
LaTeX Font Info:    Redeclaring math symbol \nleqslant on input line 181.
LaTeX Font Info:    Redeclaring math symbol \ngeqslant on input line 182.
LaTeX Font Info:    Redeclaring math symbol \varsubsetneq on input line 203.
LaTeX Font Info:    Redeclaring math symbol \subsetneqq on input line 207.
LaTeX Font Info:    Redeclaring math symbol \nparallel on input line 215.
LaTeX Font Info:    Redeclaring math symbol \nvDash on input line 221.
LaTeX Font Info:    Redeclaring math symbol \nexists on input line 235.
LaTeX Font Info:    Redeclaring math symbol \smallsetminus on input line 251.
LaTeX Font Info:    Redeclaring math symbol \curvearrowleft on input line 257.
LaTeX Font Info:    Redeclaring math symbol \curvearrowright on input line 258.

LaTeX Font Info:    Redeclaring math symbol \varkappa on input line 260.
LaTeX Font Info:    Redeclaring math symbol \hslash on input line 262.
)
(/usr/local/texlive/2015/texmf-dist/tex/latex/stmaryrd/stmaryrd.sty
Package: stmaryrd 1994/03/03 St Mary's Road symbol package
\symstmry=\mathgroup9
LaTeX Font Info:    Overwriting symbol font `stmry' in version `bold'
(Font)                  U/stmry/m/n --> U/stmry/b/n on input line 89.
)
(/usr/local/texlive/2015/texmf-dist/tex/latex/mathtools/mathtools.sty
Package: mathtools 2015/05/11 v1.16 mathematical typesetting tools

(/usr/local/texlive/2015/texmf-dist/tex/latex/mathtools/mhsetup.sty
Package: mhsetup 2010/01/21 v1.2a programming setup (MH)
)
LaTeX Info: Thecontrolsequence`\('isalreadyrobust on input line 129.
LaTeX Info: Thecontrolsequence`\)'isalreadyrobust on input line 129.
LaTeX Info: Thecontrolsequence`\['isalreadyrobust on input line 129.
LaTeX Info: Thecontrolsequence`\]'isalreadyrobust on input line 129.
\g_MT_multlinerow_int=\count175
\l_MT_multwidth_dim=\dimen187
\origjot=\skip209
\l_MT_shortvdotswithinadjustabove_dim=\dimen188
\l_MT_shortvdotswithinadjustbelow_dim=\dimen189
\l_MT_above_intertext_sep=\dimen190
\l_MT_below_intertext_sep=\dimen191
\l_MT_above_shortintertext_sep=\dimen192
\l_MT_below_shortintertext_sep=\dimen193
)
(/usr/local/texlive/2015/texmf-dist/tex/latex/lipsum/lipsum.sty
Package: lipsum 2014/07/27 v1.3 150 paragraphs of Lorem Ipsum dummy text
\c@lips@count=\count176
)
(/usr/local/texlive/2015/texmf-dist/tex/latex/url/url.sty
\Urlmuskip=\muskip11
Package: url 2013/09/16  ver 3.4  Verb mode for urls, etc.
)
(/usr/local/texlive/2015/texmf-dist/tex/latex/tools/varioref.sty
Package: varioref 2014/10/28 v1.5a package for extended references (FMi)
\c@vrcnt=\count177
)
(/usr/local/texlive/2015/texmf-dist/tex/latex/natbib/natbib.sty
Package: natbib 2010/09/13 8.31b (PWD, AO)
\bibhang=\skip210
\bibsep=\skip211
LaTeX Info: Redefining \cite on input line 694.
\c@NAT@ctr=\count178
)
(/usr/local/texlive/2015/texmf-dist/tex/latex/fixme/fixme.sty
Package: fixme 2013/01/28 v4.2 Collaborative annotations for LaTeX2e

(/usr/local/texlive/2015/texmf-dist/tex/latex/xkeyval/xkeyval.sty
Package: xkeyval 2014/12/03 v2.7a package option processing (HA)

(/usr/local/texlive/2015/texmf-dist/tex/generic/xkeyval/xkeyval.tex
(/usr/local/texlive/2015/texmf-dist/tex/generic/xkeyval/xkvutils.tex
\XKV@toks=\toks37
\XKV@tempa@toks=\toks38
)
\XKV@depth=\count179
File: xkeyval.tex 2014/12/03 v2.7a key=value parser (HA)
))
\c@fixmecount=\count180
\c@fxnotecount=\count181
\c@fxwarningcount=\count182
\c@fxerrorcount=\count183
\c@fxfatalcount=\count184


Package FiXme Warning: marginclue layout requested;
(FiXme)                turning margin layout off on input line 747.

)

******************************************************
Stock height and width: 845.04684pt by 597.50787pt
Top and edge trims: 0pt and 0pt
Page height and width: 845.04684pt by 597.50787pt
Text height and width: 691.0003pt by 426pt
Spine and edge margins: 99.58464pt and 71.13188pt
Upper and lower margins: 71.13188pt and 82.91466pt
Headheight and headsep: 13.6pt and 19.8738pt
Footskip: 27.46295pt
Columnsep and columnseprule: 10pt and 0pt
Marginparsep and marginparwidth: 7pt and 57.13188pt
Sidecapsep and sidecapwidth: 7pt and 101pt
Sidebarhsep and sidebarwidth: 7pt and 101pt
Sidebarvsep and sidebartopsep: 13.6pt and 0pt
Sidebarheight: 594.32022pt
Sidefoothsep and sidefootwidth: 7pt and 101pt
Sidefootvsep and sidefootheight: 13.6pt and 594.32022pt
******************************************************

(/usr/local/texlive/2015/texmf-dist/tex/latex/hyperref/hyperref.sty
Package: hyperref 2012/11/06 v6.83m Hypertext links for LaTeX

(/usr/local/texlive/2015/texmf-dist/tex/generic/oberdiek/hobsub-hyperref.sty
Package: hobsub-hyperref 2012/05/28 v1.13 Bundle oberdiek, subset hyperref (HO)


(/usr/local/texlive/2015/texmf-dist/tex/generic/oberdiek/hobsub-generic.sty
Package: hobsub-generic 2012/05/28 v1.13 Bundle oberdiek, subset generic (HO)
Package: hobsub 2012/05/28 v1.13 Construct package bundles (HO)
Package hobsub Info: Skipping package `infwarerr' (already loaded).
Package hobsub Info: Skipping package `ltxcmds' (already loaded).
Package hobsub Info: Skipping package `ifluatex' (already loaded).
Package: ifvtex 2010/03/01 v1.5 Detect VTeX and its facilities (HO)
Package ifvtex Info: VTeX not detected.
Package: intcalc 2007/09/27 v1.1 Expandable calculations with integers (HO)
Package hobsub Info: Skipping package `ifpdf' (already loaded).
Package: etexcmds 2011/02/16 v1.5 Avoid name clashes with e-TeX commands (HO)
Package etexcmds Info: Could not find \expanded.
(etexcmds)             That can mean that you are not using pdfTeX 1.50 or
(etexcmds)             that some package has redefined \expanded.
(etexcmds)             In the latter case, load this package earlier.
Package: kvsetkeys 2012/04/25 v1.16 Key value parser (HO)
Package: kvdefinekeys 2011/04/07 v1.3 Define keys (HO)
Package: pdftexcmds 2011/11/29 v0.20 Utility functions of pdfTeX for LuaTeX (HO
)
Package pdftexcmds Info: LuaTeX not detected.
Package pdftexcmds Info: \pdf@primitive is available.
Package pdftexcmds Info: \pdf@ifprimitive is available.
Package pdftexcmds Info: \pdfdraftmode found.
Package: pdfescape 2011/11/25 v1.13 Implements pdfTeX's escape features (HO)
Package: bigintcalc 2012/04/08 v1.3 Expandable calculations on big integers (HO
)
Package: bitset 2011/01/30 v1.1 Handle bit-vector datatype (HO)
Package: uniquecounter 2011/01/30 v1.2 Provide unlimited unique counter (HO)
)
Package hobsub Info: Skipping package `hobsub' (already loaded).
Package: letltxmacro 2010/09/02 v1.4 Let assignment for LaTeX macros (HO)
Package: hopatch 2012/05/28 v1.2 Wrapper for package hooks (HO)
Package: xcolor-patch 2011/01/30 xcolor patch
Package: atveryend 2011/06/30 v1.8 Hooks at the very end of document (HO)
Package atveryend Info: \enddocument detected (standard20110627).
Package hobsub Info: Skipping package `atbegshi' (already loaded).
Package: refcount 2011/10/16 v3.4 Data extraction from label references (HO)
Package: hycolor 2011/01/30 v1.7 Color options for hyperref/bookmark (HO)
)
(/usr/local/texlive/2015/texmf-dist/tex/latex/oberdiek/auxhook.sty
Package: auxhook 2011/03/04 v1.3 Hooks for auxiliary files (HO)
)
(/usr/local/texlive/2015/texmf-dist/tex/latex/oberdiek/kvoptions.sty
Package: kvoptions 2011/06/30 v3.11 Key value format for package options (HO)
)
\@linkdim=\dimen194
\Hy@linkcounter=\count185
\Hy@pagecounter=\count186

(/usr/local/texlive/2015/texmf-dist/tex/latex/hyperref/pd1enc.def
File: pd1enc.def 2012/11/06 v6.83m Hyperref: PDFDocEncoding definition (HO)
)
\Hy@SavedSpaceFactor=\count187

(/usr/local/texlive/2015/texmf-dist/tex/latex/latexconfig/hyperref.cfg
File: hyperref.cfg 2002/06/06 v1.2 hyperref configuration of TeXLive
)
Package hyperref Info: Option `colorlinks' set `true' on input line 4319.
Package hyperref Info: Hyper figures OFF on input line 4443.
Package hyperref Info: Link nesting OFF on input line 4448.
Package hyperref Info: Hyper index ON on input line 4451.
Package hyperref Info: Plain pages OFF on input line 4458.
Package hyperref Info: Backreferencing OFF on input line 4463.
Package hyperref Info: Implicit mode ON; LaTeX internals redefined.
Package hyperref Info: Bookmarks ON on input line 4688.
\c@Hy@tempcnt=\count188
LaTeX Info: Redefining \url on input line 5041.
\XeTeXLinkMargin=\dimen195
\Fld@menulength=\count189
\Field@Width=\dimen196
\Fld@charsize=\dimen197
Package hyperref Info: Hyper figures OFF on input line 6295.
Package hyperref Info: Link nesting OFF on input line 6300.
Package hyperref Info: Hyper index ON on input line 6303.
Package hyperref Info: backreferencing OFF on input line 6310.
Package hyperref Info: Link coloring ON on input line 6313.
Package hyperref Info: Link coloring with OCG OFF on input line 6320.
Package hyperref Info: PDF/A mode OFF on input line 6325.
LaTeX Info: Redefining \ref on input line 6365.
LaTeX Info: Redefining \pageref on input line 6369.
\Hy@abspage=\count190
\c@Item=\count191
\c@Hfootnote=\count192
)
(/usr/local/texlive/2015/texmf-dist/tex/latex/memoir/memhfixc.sty
Package: memhfixc 2013/05/30 v1.17 nameref/hyperref package fixes for memoir cl
ass
\c@memhycontfloat=\count193
\c@Hpagenote=\count194
)

Package hyperref Message: Driver (autodetected): hpdftex.

(/usr/local/texlive/2015/texmf-dist/tex/latex/hyperref/hpdftex.def
File: hpdftex.def 2012/11/06 v6.83m Hyperref driver for pdfTeX
\Fld@listcount=\count195
\c@bookmark@seq@number=\count196

(/usr/local/texlive/2015/texmf-dist/tex/latex/oberdiek/rerunfilecheck.sty
Package: rerunfilecheck 2011/04/15 v1.7 Rerun checks for auxiliary files (HO)
Package uniquecounter Info: New unique counter `rerunfilecheck' on input line 2
82.
)
\Hy@SectionHShift=\skip212
)

Package hyperref Warning: Invalid value `0'
(hyperref)                for option `pdfborder'.
(hyperref)                Option setting is ignored on input line 90.

Package hyperref Info: Option `colorlinks' set `false' on input line 96.
) (./Master.aux)
\openout1 = `Master.aux'.

LaTeX Font Info:    Checking defaults for OML/cmm/m/it on input line 6.
LaTeX Font Info:    ... okay on input line 6.
LaTeX Font Info:    Checking defaults for T1/cmr/m/n on input line 6.
LaTeX Font Info:    ... okay on input line 6.
LaTeX Font Info:    Checking defaults for OT1/cmr/m/n on input line 6.
LaTeX Font Info:    ... okay on input line 6.
LaTeX Font Info:    Checking defaults for OMS/cmsy/m/n on input line 6.
LaTeX Font Info:    ... okay on input line 6.
LaTeX Font Info:    Checking defaults for OMX/cmex/m/n on input line 6.
LaTeX Font Info:    ... okay on input line 6.
LaTeX Font Info:    Checking defaults for U/cmr/m/n on input line 6.
LaTeX Font Info:    ... okay on input line 6.
LaTeX Font Info:    Checking defaults for FML/futm/m/it on input line 6.
LaTeX Font Info:    Try loading font information for FML+futm on input line 6.

(/usr/local/texlive/2015/texmf-dist/tex/latex/fourier/fmlfutm.fd
File: fmlfutm.fd 2004/10/30 Fontinst v1.926 font definitions for FML/futm.
)
LaTeX Font Info:    ... okay on input line 6.
LaTeX Font Info:    Checking defaults for FMS/futm/m/n on input line 6.
LaTeX Font Info:    Try loading font information for FMS+futm on input line 6.

(/usr/local/texlive/2015/texmf-dist/tex/latex/fourier/fmsfutm.fd
File: fmsfutm.fd 2004/10/30 Fontinst v1.926 font definitions for FMS/futm.
)
LaTeX Font Info:    ... okay on input line 6.
LaTeX Font Info:    Checking defaults for FMX/futm/m/n on input line 6.
LaTeX Font Info:    Try loading font information for FMX+futm on input line 6.

(/usr/local/texlive/2015/texmf-dist/tex/latex/fourier/fmxfutm.fd
File: fmxfutm.fd futm-extension
)
LaTeX Font Info:    ... okay on input line 6.
LaTeX Font Info:    Checking defaults for TS1/cmr/m/n on input line 6.
LaTeX Font Info:    ... okay on input line 6.
LaTeX Font Info:    Checking defaults for PD1/pdf/m/n on input line 6.
LaTeX Font Info:    ... okay on input line 6.
LaTeX Font Info:    Try loading font information for T1+futs on input line 6.

(/usr/local/texlive/2015/texmf-dist/tex/latex/fourier/t1futs.fd
File: t1futs.fd 2004/03/02 Fontinst v1.926 font definitions for T1/futs.
)
(/usr/local/texlive/2015/texmf-dist/tex/context/base/supp-pdf.mkii
[Loading MPS to PDF converter (version 2006.09.02).]
\scratchcounter=\count197
\scratchdimen=\dimen198
\scratchbox=\box68
\nofMPsegments=\count198
\nofMParguments=\count199
\everyMPshowfont=\toks39
\MPscratchCnt=\count200
\MPscratchDim=\dimen199
\MPnumerator=\count201
\makeMPintoPDFobject=\count202
\everyMPtoPDFconversion=\toks40
) ABD: EverySelectfont initializing macros
LaTeX Info: Redefining \selectfont on input line 6.
\AtBeginShipoutBox=\box69

(/usr/local/texlive/2015/texmf-dist/tex/latex/oberdiek/epstopdf-base.sty
Package: epstopdf-base 2010/02/09 v2.5 Base part for package epstopdf

(/usr/local/texlive/2015/texmf-dist/tex/latex/oberdiek/grfext.sty
Package: grfext 2010/08/19 v1.1 Manage graphics extensions (HO)
)
Package grfext Info: Graphics extension search list:
(grfext)             [.png,.pdf,.jpg,.mps,.jpeg,.jbig2,.jb2,.PNG,.PDF,.JPG,.JPE
G,.JBIG2,.JB2,.eps]
(grfext)             \AppendGraphicsExtensions on input line 452.

(/usr/local/texlive/2015/texmf-dist/tex/latex/latexconfig/epstopdf-sys.cfg
File: epstopdf-sys.cfg 2010/07/13 v1.3 Configuration of (r)epstopdf for TeX Liv
e
))
Package hyperref Info: Link coloring OFF on input line 6.

(/usr/local/texlive/2015/texmf-dist/tex/latex/hyperref/nameref.sty
Package: nameref 2012/10/27 v2.43 Cross-referencing by name of section

(/usr/local/texlive/2015/texmf-dist/tex/generic/oberdiek/gettitlestring.sty
Package: gettitlestring 2010/12/03 v1.4 Cleanup title references (HO)
)
\c@section@level=\count203
LaTeX Info: Redefining \Ref on input line 513.
)
Redoing nameref's sectioning
Redoing nameref's label
LaTeX Info: Redefining \nameref on input line 6.
LaTeX Info: Redefining \ref on input line 6.
LaTeX Info: Redefining \pageref on input line 6.
LaTeX Info: Redefining \nameref on input line 6.
(./Master.out) (./Master.out)
\@outlinefile=\write4
\openout4 = `Master.out'.

LaTeX Info: Redefining \Ref on input line 6.

<Frontpage4.pdf, id=136, 597.432pt x 845.07718pt>
File: Frontpage4.pdf Graphic file (type pdf)
 <use Frontpage4.pdf>
Package pdftex.def Info: Frontpage4.pdf used on input line 7.
(pdftex.def)             Requested size: 597.43054pt x 845.07512pt.
File: Frontpage4.pdf Graphic file (type pdf)

<use Frontpage4.pdf>
Package pdftex.def Info: Frontpage4.pdf used on input line 7.
(pdftex.def)             Requested size: 597.43054pt x 845.07512pt.
 <Frontpage4.pdf, id=139, page=1, 597.432pt x 845.07718pt>
File: Frontpage4.pdf Graphic file (type pdf)

<use Frontpage4.pdf, page 1>
Package pdftex.def Info: Frontpage4.pdf, page1 used on input line 7.
(pdftex.def)             Requested size: 597.43054pt x 845.07512pt.
File: Frontpage4.pdf Graphic file (type pdf)
 <use Frontpage4.pdf, page 1>
Package pdftex.def Info: Frontpage4.pdf, page1 used on input line 7.
(pdftex.def)             Requested size: 597.45789pt x 845.1138pt.
File: Frontpage4.pdf Graphic file (type pdf)

<use Frontpage4.pdf, page 1>
Package pdftex.def Info: Frontpage4.pdf, page1 used on input line 7.
(pdftex.def)             Requested size: 597.45789pt x 845.1138pt.
File: Frontpage4.pdf Graphic file (type pdf)
 <use Frontpage4.pdf, page 1>
Package pdftex.def Info: Frontpage4.pdf, page1 used on input line 7.
(pdftex.def)             Requested size: 597.45789pt x 845.1138pt.
File: Frontpage4.pdf Graphic file (type pdf)

<use Frontpage4.pdf, page 1>
Package pdftex.def Info: Frontpage4.pdf, page1 used on input line 7.
(pdftex.def)             Requested size: 597.45789pt x 845.1138pt.
 [1

 <./Frontpage4.pdf>] [2

]
(./Titlepage/TitlepageEn.tex
<Images/AAU_LOGO_RGB_OWN.png, id=190, 141.1674pt x 93.4692pt>
File: Images/AAU_LOGO_RGB_OWN.png Graphic file (type png)

<use Images/AAU_LOGO_RGB_OWN.png>
Package pdftex.def Info: Images/AAU_LOGO_RGB_OWN.png used on input line 13.
(pdftex.def)             Requested size: 141.16704pt x 93.46896pt.
LaTeX Font Info:    Try loading font information for FML+futmi on input line 14
.

(/usr/local/texlive/2015/texmf-dist/tex/latex/fourier/fmlfutmi.fd
File: fmlfutmi.fd 2004/10/30 Fontinst v1.926 font definitions for FML/futmi.
)
LaTeX Font Info:    Font shape `FMX/futm/m/n' will be
(Font)              scaled to size 10.07397pt on input line 14.
LaTeX Font Info:    Font shape `FMX/futm/m/n' will be
(Font)              scaled to size 7.63599pt on input line 14.
LaTeX Font Info:    Font shape `FMX/futm/m/n' will be
(Font)              scaled to size 5.51999pt on input line 14.
LaTeX Font Info:    Font shape `U/futm/m/n' will be
(Font)              scaled to size 10.07397pt on input line 14.
LaTeX Font Info:    Font shape `U/futm/m/n' will be
(Font)              scaled to size 7.63599pt on input line 14.
LaTeX Font Info:    Font shape `U/futm/m/n' will be
(Font)              scaled to size 5.51999pt on input line 14.
LaTeX Font Info:    Try loading font information for U+msa on input line 14.

(/usr/local/texlive/2015/texmf-dist/tex/latex/amsfonts/umsa.fd
File: umsa.fd 2013/01/14 v3.01 AMS symbols A
)
LaTeX Font Info:    Try loading font information for U+msb on input line 14.

(/usr/local/texlive/2015/texmf-dist/tex/latex/amsfonts/umsb.fd
File: umsb.fd 2013/01/14 v3.01 AMS symbols B
)
LaTeX Font Info:    Try loading font information for U+stmry on input line 14.

(/usr/local/texlive/2015/texmf-dist/tex/latex/stmaryrd/Ustmry.fd)
LaTeX Font Info:    Font shape `T1/futs/bx/n' in size <10.95> not available
(Font)              Font shape `T1/futs/b/n' tried instead on input line 17.

Underfull \hbox (badness 10000) in paragraph at lines 17--25

 []


Underfull \hbox (badness 6526) in paragraph at lines 30--33
\T1/futs/m/n/10.95 Designing for Re-flec-tion in Tele-health -
 []


Underfull \hbox (badness 10000) in paragraph at lines 30--33
\T1/futs/m/n/10.95 Chronic Ob-struc-tive Pul-monary Dis-ease
 []


Underfull \hbox (badness 10000) in paragraph at lines 30--33

 []


Underfull \hbox (badness 10000) in paragraph at lines 34--37

 []


Underfull \hbox (badness 10000) in paragraph at lines 38--42

 []


Underfull \hbox (badness 10000) in paragraph at lines 43--47

 []


Underfull \hbox (badness 10000) in paragraph at lines 48--50

 []


Underfull \hbox (badness 10000) in paragraph at lines 52--53

 []


Underfull \hbox (badness 10000) in paragraph at lines 54--56

 []


Underfull \hbox (badness 10000) in paragraph at lines 57--59

 []

(./Titlepage/synopsis.tex)) [3{/usr/local/texlive/2015/texmf-var/fonts/map/pdft
ex/updmap/pdftex.map} <./Images/AAU_LOGO_RGB_OWN.png>] [4

]
(./Chapters/Preface.tex
LaTeX Font Info:    Font shape `T1/futs/bx/sc' in size <14.4> not available
(Font)              Font shape `T1/futs/b/sc' tried instead on input line 1.


LaTeX Font Warning: Font shape `T1/cmss/bx/sc' undefined
(Font)              using `T1/cmss/bx/n' instead on input line 1.

LaTeX Font Info:    Font shape `T1/futs/bx/n' in size <24.88> not available
(Font)              Font shape `T1/futs/b/n' tried instead on input line 1.
LaTeX Font Info:    Font shape `T1/futs/bx/n' in size <14.4> not available
(Font)              Font shape `T1/futs/b/n' tried instead on input line 5.
) [5

] [6

] (./Master.toc [7]) [8] (./Chapters/Motivation.tex) [9

] [10

] [11]
[12

] (./Chapters/th.tex
<Images/telehealth/thInitial.png, id=289, 1237.62375pt x 474.77374pt>
File: Images/telehealth/thInitial.png Graphic file (type png)

<use Images/telehealth/thInitial.png>
Package pdftex.def Info: Images/telehealth/thInitial.png used on input line 25.

(pdftex.def)             Requested size: 426.0pt x 163.4204pt.
LaTeX Font Info:    Font shape `T1/futs/bx/n' in size <10> not available
(Font)              Font shape `T1/futs/b/n' tried instead on input line 26.
LaTeX Font Info:    Font shape `T1/futs/bx/it' in size <10> not available
(Font)              Font shape `T1/futs/b/it' tried instead on input line 26.
 [13 <./Images/telehealth/thInitial.png>]) (./Chapters/StateOfTheArt.tex) (./Ch
apters/hpInterview.tex) [14]
(./Chapters/PI.tex
<Images/PI/researchtable.png, id=307, 1044.90375pt x 566.115pt>
File: Images/PI/researchtable.png Graphic file (type png)

<use Images/PI/researchtable.png>
Package pdftex.def Info: Images/PI/researchtable.png used on input line 4.
(pdftex.def)             Requested size: 426.0pt x 230.80428pt.
 [15

 <./Images/PI/researchtable.png>]
Underfull \hbox (badness 1028) in paragraph at lines 26--27
[]\T1/futs/b/n/10.95 Self-Improvement[] \T1/futs/m/n/10.95 Common to these self
-trackers is a desire to change or maintain a
 []

[16]
LaTeX Font Info:    Font shape `T1/futs/bx/n' in size <12> not available
(Font)              Font shape `T1/futs/b/n' tried instead on input line 35.
 [17]

Package natbib Warning: Citation `Choe2013' on page 18 undefined on input line 
51.

[18]

Package natbib Warning: Citation `Choe2015' on page 19 undefined on input line 
55.

[19]

Package natbib Warning: Citation `Rooksby' on page 20 undefined on input line 6
2.


Underfull \hbox (badness 1509) in paragraph at lines 76--77
\T1/futs/m/n/10.95 interpretation, while others require expert assistance in un
derstanding the meaning of
 []

[20]
Underfull \hbox (badness 1859) in paragraph at lines 80--81
\T1/futs/m/n/10.95 irrelevant to their interests. One self-tracker mentioned th
at she found the provided
 []

[21]) [22] (./Chapters/studyOne.tex
LaTeX Font Info:    Try loading font information for TS1+futs on input line 12.


(/usr/local/texlive/2015/texmf-dist/tex/latex/fourier/ts1futs.fd
File: ts1futs.fd 2004/03/26 Fontinst v1.926 font definitions for TS1/futs.
) [23

] [24]
<images/study1/prebens.png, id=645, 1948.27875pt x 3026.30624pt>
File: images/study1/prebens.png Graphic file (type png)

<use images/study1/prebens.png>
Package pdftex.def Info: images/study1/prebens.png used on input line 103.
(pdftex.def)             Requested size: 175.33752pt x 272.3558pt.
) [25 <./images/study1/prebens.png>] [26

]
(./Chapters/studyTwo.tex [27]
<images/study2/collectionObj.png, id=668, 536.0025pt x 714.67pt>
File: images/study2/collectionObj.png Graphic file (type png)

<use images/study2/collectionObj.png>
Package pdftex.def Info: images/study2/collectionObj.png used on input line 30.

(pdftex.def)             Requested size: 191.6987pt x 255.59073pt.

<images/study2/collectionSub.png, id=669, 2055.68pt x 2742.245pt>
File: images/study2/collectionSub.png Graphic file (type png)

<use images/study2/collectionSub.png>
Package pdftex.def Info: images/study2/collectionSub.png used on input line 36.

(pdftex.def)             Requested size: 191.6987pt x 255.70401pt.

Underfull \hbox (badness 3838) in paragraph at lines 37--37
[][]\T1/futs/m/n/10 User in-ter-face for col-lec-tion of
 []


LaTeX Warning: `h' float specifier changed to `ht'.


Underfull \vbox (badness 2941) has occurred while \output is active []

 [28]
<images/study2/v1.png, id=685, 579.16376pt x 772.8875pt>
File: images/study2/v1.png Graphic file (type png)

<use images/study2/v1.png>
Package pdftex.def Info: images/study2/v1.png used on input line 58.
(pdftex.def)             Requested size: 191.6987pt x 255.82022pt.

<images/study2/v2.png, id=686, 580.1675pt x 773.89125pt>
File: images/study2/v2.png Graphic file (type png)

<use images/study2/v2.png>
Package pdftex.def Info: images/study2/v2.png used on input line 64.
(pdftex.def)             Requested size: 191.6987pt x 255.70374pt.


LaTeX Warning: `h' float specifier changed to `ht'.

<images/study2/v3.png, id=687, 581.17125pt x 772.8875pt>
File: images/study2/v3.png Graphic file (type png)

<use images/study2/v3.png>
Package pdftex.def Info: images/study2/v3.png used on input line 73.
(pdftex.def)             Requested size: 191.6987pt x 254.93573pt.

<images/study2/v4.png, id=688, 580.1675pt x 772.8875pt>
File: images/study2/v4.png Graphic file (type png)

<use images/study2/v4.png>
Package pdftex.def Info: images/study2/v4.png used on input line 79.
(pdftex.def)             Requested size: 191.6987pt x 255.37207pt.


LaTeX Warning: `h' float specifier changed to `ht'.

[29 <./images/study2/collectionObj.png> <./images/study2/collectionSub.png>]
[30 <./images/study2/v1.png> <./images/study2/v2.png> <./images/study2/v3.png> 
<./images/study2/v4.png>]
<images/study2/Dashboard.png, id=710, 1027.84pt x 1371.1225pt>
File: images/study2/Dashboard.png Graphic file (type png)

<use images/study2/Dashboard.png>
Package pdftex.def Info: images/study2/Dashboard.png used on input line 93.
(pdftex.def)             Requested size: 185.00322pt x 246.7914pt.
 [31

 <./images/study2/Dashboard.png>] [32]
[33] [34] [35]) [36] (./Chapters/implementation.tex
File: images/study2/Dashboard.png Graphic file (type png)

<use images/study2/Dashboard.png>
Package pdftex.def Info: images/study2/Dashboard.png used on input line 8.
(pdftex.def)             Requested size: 191.6987pt x 255.72493pt.

<images/implementation/db.PNG, id=767, 1541.76pt x 2055.68pt>
File: images/implementation/db.PNG Graphic file (type png)

<use images/implementation/db.PNG>
Package pdftex.def Info: images/implementation/db.PNG used on input line 14.
(pdftex.def)             Requested size: 191.6987pt x 255.57921pt.
 [37

 <./images/implementation/db.PNG>]
Underfull \hbox (badness 1199) in paragraph at lines 30--31
[]\T1/futs/m/n/10.95 Have you explored what your measures might have been affec
ted by in previous
 []


Underfull \hbox (badness 1596) in paragraph at lines 49--50
\T1/futs/m/n/10.95 preferred their own normal area. we provided the patients wi
th a settings option to
 []

<images/implementation/settingsImp.png, id=780, 1541.76pt x 2055.68pt>
File: images/implementation/settingsImp.png Graphic file (type png)

<use images/implementation/settingsImp.png>
Package pdftex.def Info: images/implementation/settingsImp.png used on input li
ne 54.
(pdftex.def)             Requested size: 191.6987pt x 255.57921pt.

<images/implementation/v1Imp.PNG, id=781, 1541.76pt x 2055.68pt>
File: images/implementation/v1Imp.PNG Graphic file (type png)

<use images/implementation/v1Imp.PNG>
Package pdftex.def Info: images/implementation/v1Imp.PNG used on input line 60.

(pdftex.def)             Requested size: 191.6987pt x 255.57921pt.


LaTeX Warning: `h' float specifier changed to `ht'.

[38]) [39 <./images/implementation/settingsImp.png> <./images/implementation/v1
Imp.PNG>] [40

] (./Chapters/studyThree.tex
<Images/study3/diaries.JPG, id=811, 2274.4975pt x 1537.745pt>
File: Images/study3/diaries.JPG Graphic file (type jpg)

<use Images/study3/diaries.JPG>
Package pdftex.def Info: Images/study3/diaries.JPG used on input line 14.
(pdftex.def)             Requested size: 426.0pt x 287.99799pt.


LaTeX Warning: `!h' float specifier changed to `!ht'.

[41] <images/study3/Gunnar12.png, id=820, 426.59375pt x 568.1225pt>
File: images/study3/Gunnar12.png Graphic file (type png)

<use images/study3/Gunnar12.png>
Package pdftex.def Info: images/study3/Gunnar12.png used on input line 51.
(pdftex.def)             Requested size: 191.6987pt x 255.306pt.

<images/study3/Gunnar22.png, id=821, 428.60126pt x 569.12625pt>
File: images/study3/Gunnar22.png Graphic file (type png)

<use images/study3/Gunnar22.png>
Package pdftex.def Info: images/study3/Gunnar22.png used on input line 57.
(pdftex.def)             Requested size: 191.6987pt x 254.54997pt.


LaTeX Warning: `h' float specifier changed to `ht'.


Underfull \hbox (badness 1275) in paragraph at lines 63--65
\T1/futs/m/n/10.95 help patients recall the situation and reveal the reflection
 and feelings that potentially
 []


Underfull \vbox (badness 10000) has occurred while \output is active []

 [42 <./Images/study3/diaries.JPG>]) [43 <./images/study3/Gunnar12.png> <./imag
es/study3/Gunnar22.png>] [44

] (./Master.bbl [45] [46

]
Underfull \hbox (badness 1072) in paragraph at lines 4--9
[]\T1/futs/m/n/10.95 M. Adnan, et al. (2016).  `Investigating Time Series Visua
lisations to Improve the User
 []

LaTeX Font Info:    Font shape `FMX/futm/m/n' will be
(Font)              scaled to size 9.19998pt on input line 19.
LaTeX Font Info:    Font shape `FMX/futm/m/n' will be
(Font)              scaled to size 6.99199pt on input line 19.
LaTeX Font Info:    Font shape `U/futm/m/n' will be
(Font)              scaled to size 9.19998pt on input line 19.
LaTeX Font Info:    Font shape `U/futm/m/n' will be
(Font)              scaled to size 6.99199pt on input line 19.
[47]
Underfull \hbox (badness 2205) in paragraph at lines 84--89
[]\T1/futs/m/n/10.95 I. Li, et al. (2011).  `Understanding my data, myself: sup
porting self-reflection with
 []

) [48] <Appendices/ActivityplanIII.pdf, id=860, 596.2275pt x 844.15375pt>
File: Appendices/ActivityplanIII.pdf Graphic file (type pdf)

<use Appendices/ActivityplanIII.pdf>
Package pdftex.def Info: Appendices/ActivityplanIII.pdf used on input line 63.
(pdftex.def)             Requested size: 596.22604pt x 844.15169pt.
File: Appendices/ActivityplanIII.pdf Graphic file (type pdf)
 <use Appendices/ActivityplanIII.pdf>
Package pdftex.def Info: Appendices/ActivityplanIII.pdf used on input line 63.
(pdftex.def)             Requested size: 596.22604pt x 844.15169pt.

<Appendices/ActivityplanIII.pdf, id=863, page=1, 596.2275pt x 844.15375pt>
File: Appendices/ActivityplanIII.pdf Graphic file (type pdf)

<use Appendices/ActivityplanIII.pdf, page 1>
Package pdftex.def Info: Appendices/ActivityplanIII.pdf, page1 used on input li
ne 63.
(pdftex.def)             Requested size: 596.22604pt x 844.15169pt.
File: Appendices/ActivityplanIII.pdf Graphic file (type pdf)

<use Appendices/ActivityplanIII.pdf, page 1>
Package pdftex.def Info: Appendices/ActivityplanIII.pdf, page1 used on input li
ne 63.
(pdftex.def)             Requested size: 596.96295pt x 845.19502pt.
File: Appendices/ActivityplanIII.pdf Graphic file (type pdf)

<use Appendices/ActivityplanIII.pdf, page 1>
Package pdftex.def Info: Appendices/ActivityplanIII.pdf, page1 used on input li
ne 63.
(pdftex.def)             Requested size: 596.96295pt x 845.19502pt.
File: Appendices/ActivityplanIII.pdf Graphic file (type pdf)

<use Appendices/ActivityplanIII.pdf, page 1>
Package pdftex.def Info: Appendices/ActivityplanIII.pdf, page1 used on input li
ne 63.
(pdftex.def)             Requested size: 596.96295pt x 845.19502pt.
 [49

]
<Appendices/ActivityplanIII.pdf, id=869, page=2, 596.2275pt x 844.15375pt>
File: Appendices/ActivityplanIII.pdf Graphic file (type pdf)

<use Appendices/ActivityplanIII.pdf, page 2>
Package pdftex.def Info: Appendices/ActivityplanIII.pdf, page2 used on input li
ne 63.
(pdftex.def)             Requested size: 596.96295pt x 845.19502pt.
File: Appendices/ActivityplanIII.pdf Graphic file (type pdf)

<use Appendices/ActivityplanIII.pdf, page 2>
Package pdftex.def Info: Appendices/ActivityplanIII.pdf, page2 used on input li
ne 63.
(pdftex.def)             Requested size: 596.96295pt x 845.19502pt.
File: Appendices/ActivityplanIII.pdf Graphic file (type pdf)

<use Appendices/ActivityplanIII.pdf, page 1>
Package pdftex.def Info: Appendices/ActivityplanIII.pdf, page1 used on input li
ne 63.
(pdftex.def)             Requested size: 596.96295pt x 845.19502pt.
 [50 <./Appendices/ActivityplanIII.pdf

pdfTeX warning: /usr/local/texlive/2015/bin/x86_64-darwin/pdflatex (file ./Appe
ndices/ActivityplanIII.pdf): PDF inclusion: invalid other resource which is no 
dict (key 'ProcSets', type <array>); ignored.
>] <Appendices/ActivityplanIII.pdf, id=897, page=3, 596.2275pt x 844.15375pt>
File: Appendices/ActivityplanIII.pdf Graphic file (type pdf)

<use Appendices/ActivityplanIII.pdf, page 3>
Package pdftex.def Info: Appendices/ActivityplanIII.pdf, page3 used on input li
ne 63.
(pdftex.def)             Requested size: 596.96295pt x 845.19502pt.
File: Appendices/ActivityplanIII.pdf Graphic file (type pdf)

<use Appendices/ActivityplanIII.pdf, page 3>
Package pdftex.def Info: Appendices/ActivityplanIII.pdf, page3 used on input li
ne 63.
(pdftex.def)             Requested size: 596.96295pt x 845.19502pt.
File: Appendices/ActivityplanIII.pdf Graphic file (type pdf)

<use Appendices/ActivityplanIII.pdf, page 2>
Package pdftex.def Info: Appendices/ActivityplanIII.pdf, page2 used on input li
ne 63.
(pdftex.def)             Requested size: 596.96295pt x 845.19502pt.
 [51 <./Appendices/ActivityplanIII.pdf

pdfTeX warning: /usr/local/texlive/2015/bin/x86_64-darwin/pdflatex (file ./Appe
ndices/ActivityplanIII.pdf): PDF inclusion: invalid other resource which is no 
dict (key 'ProcSets', type <array>); ignored.
>] <Appendices/ActivityplanIII.pdf, id=902, page=4, 596.2275pt x 844.15375pt>
File: Appendices/ActivityplanIII.pdf Graphic file (type pdf)

<use Appendices/ActivityplanIII.pdf, page 4>
Package pdftex.def Info: Appendices/ActivityplanIII.pdf, page4 used on input li
ne 63.
(pdftex.def)             Requested size: 596.96295pt x 845.19502pt.
File: Appendices/ActivityplanIII.pdf Graphic file (type pdf)

<use Appendices/ActivityplanIII.pdf, page 4>
Package pdftex.def Info: Appendices/ActivityplanIII.pdf, page4 used on input li
ne 63.
(pdftex.def)             Requested size: 596.96295pt x 845.19502pt.
File: Appendices/ActivityplanIII.pdf Graphic file (type pdf)

<use Appendices/ActivityplanIII.pdf, page 3>
Package pdftex.def Info: Appendices/ActivityplanIII.pdf, page3 used on input li
ne 63.
(pdftex.def)             Requested size: 596.96295pt x 845.19502pt.
 [52 <./Appendices/ActivityplanIII.pdf

pdfTeX warning: /usr/local/texlive/2015/bin/x86_64-darwin/pdflatex (file ./Appe
ndices/ActivityplanIII.pdf): PDF inclusion: invalid other resource which is no 
dict (key 'ProcSets', type <array>); ignored.
>]
File: Appendices/ActivityplanIII.pdf Graphic file (type pdf)
 <use Appendices/ActivityplanIII.pdf, page 4>
Package pdftex.def Info: Appendices/ActivityplanIII.pdf, page4 used on input li
ne 63.
(pdftex.def)             Requested size: 596.96295pt x 845.19502pt.
 [53 <./Appendices/ActivityplanIII.pdf

pdfTeX warning: /usr/local/texlive/2015/bin/x86_64-darwin/pdflatex (file ./Appe
ndices/ActivityplanIII.pdf): PDF inclusion: invalid other resource which is no 
dict (key 'ProcSets', type <array>); ignored.
>] (./Master.lox)

Package natbib Warning: There were undefined citations.

[54]
\tf@toc=\write5
\openout5 = `Master.toc'.

\tf@lox=\write6
\openout6 = `Master.lox'.

Package atveryend Info: Empty hook `BeforeClearDocument' on input line 67.
Package atveryend Info: Empty hook `AfterLastShipout' on input line 67.
 (./Master.aux)
Package atveryend Info: Executing hook `AtVeryEndDocument' on input line 67.
Package atveryend Info: Executing hook `AtEndAfterFileList' on input line 67.
Package rerunfilecheck Info: File `Master.out' has not changed.
(rerunfilecheck)             Checksum: AA93409C7C52D8CDD53E05D1C12AEB7A;2046.


LaTeX Font Warning: Some font shapes were not available, defaults substituted.

Package atveryend Info: Empty hook `AtVeryVeryEnd' on input line 67.
 ) 
Here is how much of TeX's memory you used:
 15004 strings out of 493089
 217305 string characters out of 6134841
 453807 words of memory out of 5000000
 17902 multiletter control sequences out of 15000+600000
 119991 words of font info for 114 fonts, out of 8000000 for 9000
 1170 hyphenation exceptions out of 8191
 44i,18n,78p,2336b,544s stack positions out of 5000i,500n,10000p,200000b,80000s
{/usr/local/texlive/2015/texmf-dist/fonts/enc/dvips/cm-super/cm-super-t1.enc}
{/usr/local/texlive/2015/texmf-dist/fonts/enc/dvips/base/8r.enc}</usr/local/tex
live/2015/texmf-dist/fonts/type1/adobe/utopia/putb8a.pfb></usr/local/texlive/20
15/texmf-dist/fonts/type1/adobe/utopia/putbi8a.pfb></usr/local/texlive/2015/tex
mf-dist/fonts/type1/adobe/utopia/putr8a.pfb></usr/local/texlive/2015/texmf-dist
/fonts/type1/adobe/utopia/putri8a.pfb></usr/local/texlive/2015/texmf-dist/fonts
/type1/public/cm-super/sfsx1000.pfb></usr/local/texlive/2015/texmf-dist/fonts/t
ype1/public/cm-super/sftt1000.pfb>
Output written on Master.pdf (54 pages, 17786187 bytes).
PDF statistics:
 980 PDF objects out of 1000 (max. 8388607)
 828 compressed objects within 9 object streams
 180 named destinations out of 1000 (max. 500000)
 405 words of extra memory for PDF output out of 10000 (max. 10000000)

